[2021-08-26 03:07:19Z INFO HostContext] No proxy settings were found based on environmental variables (http_proxy/https_proxy/HTTP_PROXY/HTTPS_PROXY)
[2021-08-26 03:07:19Z INFO HostContext] Well known directory 'Bin': '/home/michelle/assignment-1-Mich2899/actions-runner/bin'
[2021-08-26 03:07:19Z INFO HostContext] Well known directory 'Root': '/home/michelle/assignment-1-Mich2899/actions-runner'
[2021-08-26 03:07:19Z INFO HostContext] Well known config file 'Credentials': '/home/michelle/assignment-1-Mich2899/actions-runner/.credentials'
[2021-08-26 03:07:19Z INFO Listener] Runner is built for Linux (X64) - linux-x64.
[2021-08-26 03:07:19Z INFO Listener] RuntimeInformation: Linux 5.11.0-27-generic #29~20.04.1-Ubuntu SMP Wed Aug 11 15:58:17 UTC 2021.
[2021-08-26 03:07:19Z INFO Listener] Version: 2.280.3
[2021-08-26 03:07:19Z INFO Listener] Commit: 409920e9f03bd38fe6e58807f069394993ce32e4
[2021-08-26 03:07:19Z INFO Listener] Culture: en-US
[2021-08-26 03:07:19Z INFO Listener] UI Culture: en-US
[2021-08-26 03:07:19Z INFO HostContext] Well known directory 'Bin': '/home/michelle/assignment-1-Mich2899/actions-runner/bin'
[2021-08-26 03:07:19Z INFO HostContext] Well known directory 'Root': '/home/michelle/assignment-1-Mich2899/actions-runner'
[2021-08-26 03:07:19Z INFO Listener] Validating directory permissions for: '/home/michelle/assignment-1-Mich2899/actions-runner'
[2021-08-26 03:07:19Z INFO CommandLineParser] Parse
[2021-08-26 03:07:19Z INFO CommandLineParser] Parsing 1 args
[2021-08-26 03:07:19Z INFO CommandLineParser] parsing argument
[2021-08-26 03:07:19Z INFO CommandLineParser] HasArgs: False
[2021-08-26 03:07:19Z INFO CommandLineParser] Adding Command: run
[2021-08-26 03:07:19Z INFO Listener] Arguments parsed
[2021-08-26 03:07:19Z INFO Runner] ExecuteCommand
[2021-08-26 03:07:19Z INFO ConfigurationStore] currentAssemblyLocation: /home/michelle/assignment-1-Mich2899/actions-runner/bin/Runner.Listener.dll
[2021-08-26 03:07:19Z INFO HostContext] Well known directory 'Bin': '/home/michelle/assignment-1-Mich2899/actions-runner/bin'
[2021-08-26 03:07:19Z INFO ConfigurationStore] binPath: /home/michelle/assignment-1-Mich2899/actions-runner/bin
[2021-08-26 03:07:19Z INFO HostContext] Well known directory 'Bin': '/home/michelle/assignment-1-Mich2899/actions-runner/bin'
[2021-08-26 03:07:19Z INFO HostContext] Well known directory 'Root': '/home/michelle/assignment-1-Mich2899/actions-runner'
[2021-08-26 03:07:19Z INFO ConfigurationStore] RootFolder: /home/michelle/assignment-1-Mich2899/actions-runner
[2021-08-26 03:07:19Z INFO HostContext] Well known directory 'Bin': '/home/michelle/assignment-1-Mich2899/actions-runner/bin'
[2021-08-26 03:07:19Z INFO HostContext] Well known directory 'Root': '/home/michelle/assignment-1-Mich2899/actions-runner'
[2021-08-26 03:07:19Z INFO HostContext] Well known config file 'Runner': '/home/michelle/assignment-1-Mich2899/actions-runner/.runner'
[2021-08-26 03:07:19Z INFO ConfigurationStore] ConfigFilePath: /home/michelle/assignment-1-Mich2899/actions-runner/.runner
[2021-08-26 03:07:19Z INFO HostContext] Well known directory 'Bin': '/home/michelle/assignment-1-Mich2899/actions-runner/bin'
[2021-08-26 03:07:19Z INFO HostContext] Well known directory 'Root': '/home/michelle/assignment-1-Mich2899/actions-runner'
[2021-08-26 03:07:19Z INFO HostContext] Well known config file 'Credentials': '/home/michelle/assignment-1-Mich2899/actions-runner/.credentials'
[2021-08-26 03:07:19Z INFO ConfigurationStore] CredFilePath: /home/michelle/assignment-1-Mich2899/actions-runner/.credentials
[2021-08-26 03:07:19Z INFO HostContext] Well known directory 'Bin': '/home/michelle/assignment-1-Mich2899/actions-runner/bin'
[2021-08-26 03:07:19Z INFO HostContext] Well known directory 'Root': '/home/michelle/assignment-1-Mich2899/actions-runner'
[2021-08-26 03:07:19Z INFO HostContext] Well known config file 'MigratedCredentials': '/home/michelle/assignment-1-Mich2899/actions-runner/.credentials_migrated'
[2021-08-26 03:07:19Z INFO ConfigurationStore] MigratedCredFilePath: /home/michelle/assignment-1-Mich2899/actions-runner/.credentials_migrated
[2021-08-26 03:07:19Z INFO HostContext] Well known directory 'Bin': '/home/michelle/assignment-1-Mich2899/actions-runner/bin'
[2021-08-26 03:07:19Z INFO HostContext] Well known directory 'Root': '/home/michelle/assignment-1-Mich2899/actions-runner'
[2021-08-26 03:07:19Z INFO HostContext] Well known config file 'Service': '/home/michelle/assignment-1-Mich2899/actions-runner/.service'
[2021-08-26 03:07:19Z INFO ConfigurationStore] ServiceConfigFilePath: /home/michelle/assignment-1-Mich2899/actions-runner/.service
[2021-08-26 03:07:19Z INFO CommandSettings] Flag 'help': 'False'
[2021-08-26 03:07:19Z INFO CommandSettings] Flag 'version': 'False'
[2021-08-26 03:07:19Z INFO CommandSettings] Flag 'commit': 'False'
[2021-08-26 03:07:19Z INFO CommandSettings] Flag 'check': 'False'
[2021-08-26 03:07:19Z INFO CommandSettings] Command 'configure': 'False'
[2021-08-26 03:07:19Z INFO CommandSettings] Command 'remove': 'False'
[2021-08-26 03:07:19Z INFO CommandSettings] Command 'warmup': 'False'
[2021-08-26 03:07:19Z INFO ConfigurationManager] LoadSettings
[2021-08-26 03:07:19Z INFO ConfigurationStore] IsConfigured()
[2021-08-26 03:07:19Z INFO ConfigurationStore] IsConfigured: True
[2021-08-26 03:07:19Z INFO ConfigurationManager] Is configured: True
[2021-08-26 03:07:19Z INFO ConfigurationStore] Read setting file: 310 chars
[2021-08-26 03:07:19Z INFO ConfigurationManager] Settings Loaded
[2021-08-26 03:07:19Z INFO ConfigurationStore] IsServiceConfigured()
[2021-08-26 03:07:19Z INFO ConfigurationStore] IsServiceConfigured: False
[2021-08-26 03:07:19Z INFO CommandSettings] Command 'run': 'True'
[2021-08-26 03:07:19Z INFO ConfigurationStore] IsConfigured()
[2021-08-26 03:07:19Z INFO ConfigurationStore] IsConfigured: True
[2021-08-26 03:07:19Z INFO ConfigurationManager] Is configured: True
[2021-08-26 03:07:19Z INFO Runner] Could not parse the argument value '' for StartupType. Defaulting to Manual
[2021-08-26 03:07:19Z INFO Runner] Set runner startup type - Manual
[2021-08-26 03:07:19Z INFO CommandSettings] Flag 'once': 'False'
[2021-08-26 03:07:19Z INFO Runner] RunAsync
[2021-08-26 03:07:19Z INFO ConfigurationManager] LoadSettings
[2021-08-26 03:07:19Z INFO ConfigurationStore] IsConfigured()
[2021-08-26 03:07:19Z INFO ConfigurationStore] IsConfigured: True
[2021-08-26 03:07:19Z INFO ConfigurationManager] Is configured: True
[2021-08-26 03:07:19Z INFO ConfigurationManager] Settings Loaded
[2021-08-26 03:07:19Z INFO MessageListener] {
  "AgentId": 2,
  "AgentName": "michelle-VirtualBox",
  "PoolId": 1,
  "PoolName": "Default",
  "ServerUrl": "https://pipelines.actions.githubusercontent.com/UckrpXvIpEiw0zxBiKxGvX24yQI47VQllZUts0lZEhXxEPiFRW",
  "GitHubUrl": "https://github.com/cu-ecen-aeld/assignment-1-Mich2899",
  "WorkFolder": "_work"
}
[2021-08-26 03:07:19Z INFO MessageListener] Loading Credentials
[2021-08-26 03:07:19Z INFO ConfigurationStore] HasCredentials()
[2021-08-26 03:07:19Z INFO ConfigurationStore] stored True
[2021-08-26 03:07:19Z INFO CredentialManager] GetCredentialProvider
[2021-08-26 03:07:19Z INFO CredentialManager] Creating type OAuth
[2021-08-26 03:07:19Z INFO CredentialManager] Creating credential type: OAuth
[2021-08-26 03:07:19Z INFO HostContext] Well known directory 'Bin': '/home/michelle/assignment-1-Mich2899/actions-runner/bin'
[2021-08-26 03:07:19Z INFO HostContext] Well known directory 'Root': '/home/michelle/assignment-1-Mich2899/actions-runner'
[2021-08-26 03:07:19Z INFO HostContext] Well known config file 'RSACredentials': '/home/michelle/assignment-1-Mich2899/actions-runner/.credentials_rsaparams'
[2021-08-26 03:07:19Z INFO RSAFileKeyManager] Loading RSA key parameters from file /home/michelle/assignment-1-Mich2899/actions-runner/.credentials_rsaparams
[2021-08-26 03:07:19Z INFO MessageListener] Attempt to create session.
[2021-08-26 03:07:19Z INFO MessageListener] Connecting to the Runner Server...
[2021-08-26 03:07:19Z INFO RunnerServer] Establish connection with 100 seconds timeout.
[2021-08-26 03:07:19Z INFO GitHubActionsService] Starting operation Location.GetConnectionData
[2021-08-26 03:07:19Z INFO RunnerServer] Establish connection with 60 seconds timeout.
[2021-08-26 03:07:19Z INFO GitHubActionsService] Starting operation Location.GetConnectionData
[2021-08-26 03:07:19Z INFO RunnerServer] Establish connection with 60 seconds timeout.
[2021-08-26 03:07:19Z INFO GitHubActionsService] Starting operation Location.GetConnectionData
[2021-08-26 03:07:19Z INFO GitHubActionsService] Finished operation Location.GetConnectionData
[2021-08-26 03:07:19Z INFO GitHubActionsService] Finished operation Location.GetConnectionData
[2021-08-26 03:07:19Z INFO GitHubActionsService] Finished operation Location.GetConnectionData
[2021-08-26 03:07:19Z INFO MessageListener] VssConnection created
[2021-08-26 03:07:19Z INFO Terminal] WRITE LINE: 
[2021-08-26 03:07:19Z INFO Terminal] WRITE LINE: 
[2021-08-26 03:07:19Z WARN GitHubActionsService] Authentication failed with status code 401.
WWW-Authenticate: Bearer
Strict-Transport-Security: max-age=2592000
X-TFS-ProcessId: 9211c4ca-13ca-420c-8086-2e774b36f069
ActivityId: 3baf56e4-310d-4d6d-84a0-5dc75c82ea42
X-TFS-Session: 984d1070-aee4-4f84-a213-660797262da1
X-VSS-E2EID: 04398197-0d3f-42b9-98f7-5ec23983212a
X-VSS-SenderDeploymentId: 6074703f-c195-632a-bd61-21691fc86fa5
X-TFS-ServiceError: The+user+%27System%3aPublicAccess%3baaaaaaaa-aaaa-aaaa-aaaa-aaaaaaaaaaaa%27+is+not+authorized+to+access+this+resource.
X-VSS-S2STargetService: 0000005A-0000-8888-8000-000000000000/visualstudio.com
X-Cache: CONFIG_NOCACHE
X-MSEdge-Ref: Ref A: 6AAEA28ADC7543CA96DA77981444C2EE Ref B: DNAEDGE0307 Ref C: 2021-08-26T03:07:19Z
Date: Thu, 26 Aug 2021 03:07:19 GMT

[2021-08-26 03:07:20Z INFO RSAFileKeyManager] Loading RSA key parameters from file /home/michelle/assignment-1-Mich2899/actions-runner/.credentials_rsaparams
[2021-08-26 03:07:20Z INFO RSAFileKeyManager] Loading RSA key parameters from file /home/michelle/assignment-1-Mich2899/actions-runner/.credentials_rsaparams
[2021-08-26 03:07:20Z INFO GitHubActionsService] AAD Correlation ID for this token request: Unknown
[2021-08-26 03:07:20Z INFO MessageListener] Session created.
[2021-08-26 03:07:20Z INFO Terminal] WRITE LINE: 2021-08-26 03:07:20Z: Listening for Jobs
[2021-08-26 03:07:20Z INFO JobDispatcher] Set runner/worker IPC timeout to 30 seconds.
[2021-08-26 03:07:47Z INFO Terminal] WRITE LINE: Exiting...
[2021-08-26 03:07:47Z INFO ConfigurationStore] IsServiceConfigured()
[2021-08-26 03:07:47Z INFO ConfigurationStore] IsServiceConfigured: False
[2021-08-26 03:07:47Z INFO HostContext] Runner will be shutdown for UserCancelled
[2021-08-26 03:07:47Z WARN GitHubActionsService] GET request to https://pipelines.actions.githubusercontent.com/UckrpXvIpEiw0zxBiKxGvX24yQI47VQllZUts0lZEhXxEPiFRW/_apis/distributedtask/pools/1/messages?sessionId=736547d2-f707-495c-a0ee-11f2ff94d055 has been cancelled.
[2021-08-26 03:07:47Z INFO MessageListener] Get next message has been cancelled.
[2021-08-26 03:07:47Z INFO JobDispatcher] Shutting down JobDispatcher. Make sure all WorkerDispatcher has finished.
[2021-08-26 03:07:47Z INFO Listener] Runner execution been cancelled.
